2024-08-29T16:10:15.500+02:00  INFO 18428 --- [restartedMain] c.d.b.BusinessLogicExerciseApplication   : Starting BusinessLogicExerciseApplication using Java 22.0.2 with PID 18428 (C:\Users\Albanismo\Desktop\Develhope\SpringBoot\businessLogicExercise\target\classes started by Albanismo in C:\Users\Albanismo\Desktop\Develhope\SpringBoot\businessLogicExercise)
2024-08-29T16:10:15.503+02:00  INFO 18428 --- [restartedMain] c.d.b.BusinessLogicExerciseApplication   : No active profile set, falling back to 1 default profile: "default"
2024-08-29T16:10:15.544+02:00  INFO 18428 --- [restartedMain] .e.DevToolsPropertyDefaultsPostProcessor : Devtools property defaults active! Set 'spring.devtools.add-properties' to 'false' to disable
2024-08-29T16:10:15.545+02:00  INFO 18428 --- [restartedMain] .e.DevToolsPropertyDefaultsPostProcessor : For additional web related logging consider setting the 'logging.level.web' property to 'DEBUG'
2024-08-29T16:10:16.032+02:00  INFO 18428 --- [restartedMain] .s.d.r.c.RepositoryConfigurationDelegate : Bootstrapping Spring Data JPA repositories in DEFAULT mode.
2024-08-29T16:10:16.078+02:00  INFO 18428 --- [restartedMain] .s.d.r.c.RepositoryConfigurationDelegate : Finished Spring Data repository scanning in 38 ms. Found 1 JPA repository interface.
2024-08-29T16:10:16.558+02:00  INFO 18428 --- [restartedMain] o.s.b.w.embedded.tomcat.TomcatWebServer  : Tomcat initialized with port 8080 (http)
2024-08-29T16:10:16.571+02:00  INFO 18428 --- [restartedMain] o.apache.catalina.core.StandardService   : Starting service [Tomcat]
2024-08-29T16:10:16.571+02:00  INFO 18428 --- [restartedMain] o.apache.catalina.core.StandardEngine    : Starting Servlet engine: [Apache Tomcat/10.1.28]
2024-08-29T16:10:16.612+02:00  INFO 18428 --- [restartedMain] o.a.c.c.C.[Tomcat].[localhost].[/]       : Initializing Spring embedded WebApplicationContext
2024-08-29T16:10:16.613+02:00  INFO 18428 --- [restartedMain] w.s.c.ServletWebServerApplicationContext : Root WebApplicationContext: initialization completed in 1068 ms
2024-08-29T16:10:16.664+02:00  WARN 18428 --- [restartedMain] ConfigServletWebServerApplicationContext : Exception encountered during context initialization - cancelling refresh attempt: org.springframework.beans.factory.BeanCreationException: Error creating bean with name 'entityManagerFactory' defined in class path resource [org/springframework/boot/autoconfigure/orm/jpa/HibernateJpaConfiguration.class]: Failed to initialize dependency 'dataSourceScriptDatabaseInitializer' of LoadTimeWeaverAware bean 'entityManagerFactory': Error creating bean with name 'dataSourceScriptDatabaseInitializer' defined in class path resource [org/springframework/boot/autoconfigure/sql/init/DataSourceInitializationConfiguration.class]: Unsatisfied dependency expressed through method 'dataSourceScriptDatabaseInitializer' parameter 0: Error creating bean with name 'dataSource' defined in class path resource [org/springframework/boot/autoconfigure/jdbc/DataSourceConfiguration$Hikari.class]: Failed to instantiate [com.zaxxer.hikari.HikariDataSource]: Factory method 'dataSource' threw exception with message: Failed to determine a suitable driver class
2024-08-29T16:10:16.667+02:00  INFO 18428 --- [restartedMain] o.apache.catalina.core.StandardService   : Stopping service [Tomcat]
2024-08-29T16:10:16.686+02:00  INFO 18428 --- [restartedMain] .s.b.a.l.ConditionEvaluationReportLogger : 

Error starting ApplicationContext. To display the condition evaluation report re-run your application with 'debug' enabled.
2024-08-29T16:10:16.702+02:00 ERROR 18428 --- [restartedMain] o.s.b.d.LoggingFailureAnalysisReporter   : 

***************************
APPLICATION FAILED TO START
***************************

Description:

Failed to configure a DataSource: 'url' attribute is not specified and no embedded datasource could be configured.

Reason: Failed to determine a suitable driver class


Action:

Consider the following:
	If you want an embedded database (H2, HSQL or Derby), please put it on the classpath.
	If you have database settings to be loaded from a particular profile you may need to activate it (no profiles are currently active).

